[2024-06-18T10:18:11.876+0000] {local_task_job_runner.py:120} INFO - ::group::Pre task execution logs
[2024-06-18T10:18:11.910+0000] {taskinstance.py:2076} INFO - Dependencies all met for dep_context=non-requeueable deps ti=<TaskInstance: alerting_skipped.start_run scheduled__2024-06-18T10:12:00+00:00 [queued]>
[2024-06-18T10:18:11.925+0000] {taskinstance.py:2076} INFO - Dependencies all met for dep_context=requeueable deps ti=<TaskInstance: alerting_skipped.start_run scheduled__2024-06-18T10:12:00+00:00 [queued]>
[2024-06-18T10:18:11.926+0000] {taskinstance.py:2306} INFO - Starting attempt 6 of 6
[2024-06-18T10:18:11.945+0000] {taskinstance.py:2330} INFO - Executing <Task(PythonOperator): start_run> on 2024-06-18 10:12:00+00:00
[2024-06-18T10:18:11.953+0000] {warnings.py:110} WARNING - /home/***/.local/lib/python3.12/site-packages/***/task/task_runner/standard_task_runner.py:61: DeprecationWarning: This process (pid=3685) is multi-threaded, use of fork() may lead to deadlocks in the child.
  pid = os.fork()

[2024-06-18T10:18:11.954+0000] {standard_task_runner.py:63} INFO - Started process 3686 to run task
[2024-06-18T10:18:11.954+0000] {standard_task_runner.py:90} INFO - Running: ['***', 'tasks', 'run', 'alerting_skipped', 'start_run', 'scheduled__2024-06-18T10:12:00+00:00', '--job-id', '578', '--raw', '--subdir', 'DAGS_FOLDER/alerting_skipped.py', '--cfg-path', '/tmp/tmpfrj8rj3v']
[2024-06-18T10:18:11.956+0000] {standard_task_runner.py:91} INFO - Job 578: Subtask start_run
[2024-06-18T10:18:12.006+0000] {task_command.py:426} INFO - Running <TaskInstance: alerting_skipped.start_run scheduled__2024-06-18T10:12:00+00:00 [running]> on host fa5c5d972e05
[2024-06-18T10:18:12.116+0000] {taskinstance.py:2648} INFO - Exporting env vars: AIRFLOW_CTX_DAG_OWNER='***' AIRFLOW_CTX_DAG_ID='alerting_skipped' AIRFLOW_CTX_TASK_ID='start_run' AIRFLOW_CTX_EXECUTION_DATE='2024-06-18T10:12:00+00:00' AIRFLOW_CTX_TRY_NUMBER='6' AIRFLOW_CTX_DAG_RUN_ID='scheduled__2024-06-18T10:12:00+00:00'
[2024-06-18T10:18:12.116+0000] {taskinstance.py:430} INFO - ::endgroup::
[2024-06-18T10:18:12.134+0000] {taskinstance.py:441} INFO - ::group::Post task execution logs
[2024-06-18T10:18:12.134+0000] {taskinstance.py:2905} ERROR - Task failed with exception
Traceback (most recent call last):
  File "/home/airflow/.local/lib/python3.12/site-packages/airflow/models/taskinstance.py", line 465, in _execute_task
    result = _execute_callable(context=context, **execute_callable_kwargs)
             ^^^^^^^^^^^^^^^^^^^^^^^^^^^^^^^^^^^^^^^^^^^^^^^^^^^^^^^^^^^^^
  File "/home/airflow/.local/lib/python3.12/site-packages/airflow/models/taskinstance.py", line 432, in _execute_callable
    return execute_callable(context=context, **execute_callable_kwargs)
           ^^^^^^^^^^^^^^^^^^^^^^^^^^^^^^^^^^^^^^^^^^^^^^^^^^^^^^^^^^^^
  File "/home/airflow/.local/lib/python3.12/site-packages/airflow/models/baseoperator.py", line 400, in wrapper
    return func(self, *args, **kwargs)
           ^^^^^^^^^^^^^^^^^^^^^^^^^^^
  File "/home/airflow/.local/lib/python3.12/site-packages/airflow/operators/python.py", line 235, in execute
    return_value = self.execute_callable()
                   ^^^^^^^^^^^^^^^^^^^^^^^
  File "/home/airflow/.local/lib/python3.12/site-packages/airflow/operators/python.py", line 252, in execute_callable
    return self.python_callable(*self.op_args, **self.op_kwargs)
           ^^^^^^^^^^^^^^^^^^^^^^^^^^^^^^^^^^^^^^^^^^^^^^^^^^^^^
  File "/opt/airflow/dags/helper_functions.py", line 65, in start_run
    alert_file.write(f"The DAG {dag_id} was started at {datetime.now()}\n")
                                ^^^^^^
NameError: name 'dag_id' is not defined
[2024-06-18T10:18:12.151+0000] {taskinstance.py:1206} INFO - Marking task as FAILED. dag_id=alerting_skipped, task_id=start_run, run_id=scheduled__2024-06-18T10:12:00+00:00, execution_date=20240618T101200, start_date=20240618T101811, end_date=20240618T101812
[2024-06-18T10:18:12.169+0000] {standard_task_runner.py:110} ERROR - Failed to execute job 578 for task start_run (name 'dag_id' is not defined; 3686)
[2024-06-18T10:18:12.209+0000] {local_task_job_runner.py:240} INFO - Task exited with return code 1
[2024-06-18T10:18:12.234+0000] {taskinstance.py:3498} INFO - 0 downstream tasks scheduled from follow-on schedule check
[2024-06-18T10:18:12.236+0000] {local_task_job_runner.py:222} INFO - ::endgroup::
